<?xml version="1.0" encoding="UTF-8" ?>
<testsuite tests="7" failures="0" name="team5.client.actions.SortedTest" time="0" errors="0" skipped="0">
  <properties>
[...]
</properties>
  <testcase classname="team5.client.actions.SortedTest" name="testSortedByCity" time="0"/>
  <testcase classname="team5.client.actions.SortedTest" name="testSortedByBday" time="0"/>
  <testcase classname="team5.client.actions.SortedTest" name="testSortedBySurname" time="0"/>
  <testcase classname="team5.client.actions.SortedTest" name="testSortedByLogin" time="0"/>
  <testcase classname="team5.client.actions.SortedTest" name="testSortedByDateOfRegistration" time="0"/>
  <testcase classname="team5.client.actions.SortedTest" name="testSortedByCountry" time="0"/>
  <testcase classname="team5.client.actions.SortedTest" name="testSortedByEmail" time="0"/>
</testsuite>